Loaded OBJ assets/dungeons/Assets/obj/floor_tile_large.obj: 272 vertices, 564 indices.
Loaded Mesh floor V0: Pos(-1.05,0.05,2) Joints(0,0,0,0) Weights(0,0,0,0)
Indices: 564 Vertices: 272
Loaded OBJ assets/dungeons/Assets/obj/floor_foundation_front_and_back.obj: 418 vertices, 606 indices.
Loaded Mesh floor_foundation_front_and_back V0: Pos(-1,1.8,1.1) Joints(0,0,0,0) Weights(0,0,0,0)
Indices: 606 Vertices: 418
Loaded OBJ assets/dungeons/Assets/obj/candle_triple.obj: 273 vertices, 594 indices.
Loaded Mesh candle_triple V0: Pos(0,0,0.169765) Joints(0,0,0,0) Weights(0,0,0,0)
Indices: 594 Vertices: 273
Loaded OBJ assets/dungeons/Assets/obj/floor_tile_big_spikes_spikes.obj: 252 vertices, 324 indices.
Loaded Mesh floor_tile_big_spikes_spikes V0: Pos(0,1.64417,-0.099999) Joints(0,0,0,0) Weights(0,0,0,0)
Indices: 324 Vertices: 252
Loaded OBJ assets/dungeons/Assets/obj/wall_corner_scaffold.obj: 1030 vertices, 1545 indices.
Loaded Mesh wall_corner_scaffold V0: Pos(-0.25,0.5,0.5) Joints(0,0,0,0) Weights(0,0,0,0)
Indices: 1545 Vertices: 1030
Loaded OBJ assets/dungeons/Assets/obj/stairs_modular_right.obj: 420 vertices, 618 indices.
Loaded Mesh stairs_modular_right V0: Pos(1,1,3.4) Joints(0,0,0,0) Weights(0,0,0,0)
Indices: 618 Vertices: 420
Loaded OBJ assets/dungeons/Assets/obj/table_medium_tablecloth_decorated_B.obj: 1552 vertices, 3600 indices.
Loaded Mesh table_medium_tablecloth_decorated_B V0: Pos(-0.6,0,-0.9) Joints(0,0,0,0) Weights(0,0,0,0)
Indices: 3600 Vertices: 1552
Loaded OBJ assets/dungeons/Assets/obj/banner_thin_blue.obj: 155 vertices, 249 indices.
Loaded Mesh banner_thin_blue V0: Pos(-0.549992,0.975,0.473354) Joints(0,0,0,0) Weights(0,0,0,0)
Indices: 249 Vertices: 155
Loaded OBJ assets/dungeons/Assets/obj/table_long.obj: 476 vertices, 840 indices.
Loaded Mesh table_long V0: Pos(0.6,0,-1.9) Joints(0,0,0,0) Weights(0,0,0,0)
Indices: 840 Vertices: 476
Loaded OBJ assets/dungeons/Assets/obj/table_long_broken.obj: 998 vertices, 1650 indices.
Loaded Mesh table_long_broken V0: Pos(0.6,0,-1.9) Joints(0,0,0,0) Weights(0,0,0,0)
Indices: 1650 Vertices: 998
Loaded OBJ assets/dungeons/Assets/obj/crates_stacked.obj: 2246 vertices, 3993 indices.
Loaded Mesh crates_stacked V0: Pos(-0.5754,0.356402,0.674302) Joints(0,0,0,0) Weights(0,0,0,0)
Indices: 3993 Vertices: 2246
Loaded OBJ assets/dungeons/Assets/obj/chest.obj: 430 vertices, 798 indices.
Loaded Mesh chest V0: Pos(-0.65,0.6,-0.4) Joints(0,0,0,0) Weights(0,0,0,0)
Indices: 798 Vertices: 430
Loaded OBJ assets/dungeons/Assets/obj/banner_shield_white.obj: 1022 vertices, 1917 indices.
Loaded Mesh banner_shield_white V0: Pos(-0.749992,0.975,0.473354) Joints(0,0,0,0) Weights(0,0,0,0)
Indices: 1917 Vertices: 1022
Loaded OBJ assets/dungeons/Assets/obj/wall_window_closed_scaffold.obj: 1390 vertices, 2208 indices.
Loaded Mesh wall_window_closed_scaffold V0: Pos(-0.869343,1.07706,-0.25) Joints(0,0,0,0) Weights(0,0,0,0)
Indices: 2208 Vertices: 1390
Loaded OBJ assets/dungeons/Assets/obj/wall_corner_gated.obj: 912 vertices, 1671 indices.
Loaded Mesh wall_corner_gated V0: Pos(-0.49999,0.658264,0.25) Joints(0,0,0,0) Weights(0,0,0,0)
Indices: 1671 Vertices: 912
Loaded OBJ assets/dungeons/Assets/obj/banner_patternB_yellow.obj: 197 vertices, 291 indices.
Loaded Mesh banner_patternB_yellow V0: Pos(-0.749992,0.975,0.473354) Joints(0,0,0,0) Weights(0,0,0,0)
Indices: 291 Vertices: 197
Loaded OBJ assets/dungeons/Assets/obj/banner_green.obj: 187 vertices, 291 indices.
Loaded Mesh banner_green V0: Pos(-0.749992,0.975,0.473354) Joints(0,0,0,0) Weights(0,0,0,0)
Indices: 291 Vertices: 187
Loaded OBJ assets/dungeons/Assets/obj/stool.obj: 308 vertices, 516 indices.
Loaded Mesh stool V0: Pos(0.338793,0,-0.149998) Joints(0,0,0,0) Weights(0,0,0,0)
Indices: 516 Vertices: 308
Loaded OBJ assets/dungeons/Assets/obj/floor_dirt_small_weeds.obj: 534 vertices, 1248 indices.
Loaded Mesh floor_dirt_small_weeds V0: Pos(0.185768,0,0.380423) Joints(0,0,0,0) Weights(0,0,0,0)
Indices: 1248 Vertices: 534
Loaded OBJ assets/dungeons/Assets/obj/chest_lid.obj: 648 vertices, 1386 indices.
Loaded Mesh chest_lid V0: Pos(0.8,0.95694,0.398494) Joints(0,0,0,0) Weights(0,0,0,0)
Indices: 1386 Vertices: 648
Loaded OBJ assets/dungeons/Assets/obj/bottle_A_brown.obj: 206 vertices, 432 indices.
Loaded Mesh bottle_A_brown V0: Pos(-0.138218,0.468007,0.032911) Joints(0,0,0,0) Weights(0,0,0,0)
Indices: 432 Vertices: 206
Loaded OBJ assets/dungeons/Assets/obj/banner_patternA_white.obj: 220 vertices, 330 indices.
Loaded Mesh banner_patternA_white V0: Pos(-0.749992,0.975,0.473354) Joints(0,0,0,0) Weights(0,0,0,0)
Indices: 330 Vertices: 220
Loaded OBJ assets/dungeons/Assets/obj/ceiling_tile.obj: 101 vertices, 180 indices.
Loaded Mesh ceiling_tile V0: Pos(2,0.099999,1) Joints(0,0,0,0) Weights(0,0,0,0)
Indices: 180 Vertices: 101
Loaded OBJ assets/dungeons/Assets/obj/keyring.obj: 714 vertices, 2184 indices.
Loaded Mesh keyring V0: Pos(0.295976,0.089321,-0.348867) Joints(0,0,0,0) Weights(0,0,0,0)
Indices: 2184 Vertices: 714
Loaded OBJ assets/dungeons/Assets/obj/banner_shield_red.obj: 1022 vertices, 1917 indices.
Loaded Mesh banner_shield_red V0: Pos(-0.749992,0.975,0.473354) Joints(0,0,0,0) Weights(0,0,0,0)
Indices: 1917 Vertices: 1022
Loaded OBJ assets/dungeons/Assets/obj/stairs_long.obj: 926 vertices, 1326 indices.
Loaded Mesh stairs_long V0: Pos(-1.75,0.5,7) Joints(0,0,0,0) Weights(0,0,0,0)
Indices: 1326 Vertices: 926
Loaded OBJ assets/dungeons/Assets/obj/bottle_A_labeled_brown.obj: 210 vertices, 432 indices.
Loaded Mesh bottle_A_labeled_brown V0: Pos(-0.138218,0.468007,0.032911) Joints(0,0,0,0) Weights(0,0,0,0)
Indices: 432 Vertices: 210
Loaded OBJ assets/dungeons/Assets/obj/wall_doorway_Tsplit.obj: 2081 vertices, 3288 indices.
Loaded Mesh wall_doorway_Tsplit V0: Pos(-1.08978,0.5,0.25) Joints(0,0,0,0) Weights(0,0,0,0)
Indices: 3288 Vertices: 2081
Loaded OBJ assets/dungeons/Assets/obj/table_medium_broken.obj: 477 vertices, 741 indices.
Loaded Mesh table_medium_broken V0: Pos(0.9,0,-0.6) Joints(0,0,0,0) Weights(0,0,0,0)
Indices: 741 Vertices: 477
Loaded OBJ assets/dungeons/Assets/obj/banner_triple_red.obj: 497 vertices, 789 indices.
Loaded Mesh banner_triple_red V0: Pos(-0.749992,0.975,0.473354) Joints(0,0,0,0) Weights(0,0,0,0)
Indices: 789 Vertices: 497
Loaded OBJ assets/dungeons/Assets/obj/banner_shield_brown.obj: 1022 vertices, 1917 indices.
Loaded Mesh banner_shield_brown V0: Pos(-0.749992,0.975,0.473354) Joints(0,0,0,0) Weights(0,0,0,0)
Indices: 1917 Vertices: 1022
Loaded OBJ assets/dungeons/Assets/obj/plate_small.obj: 135 vertices, 360 indices.
Loaded Mesh plate_small V0: Pos(-0.121489,0.12941,0.209585) Joints(0,0,0,0) Weights(0,0,0,0)
Indices: 360 Vertices: 135
Loaded OBJ assets/dungeons/Assets/obj/barrier_column.obj: 224 vertices, 330 indices.
Loaded Mesh barrier_column V0: Pos(-0.35,0.9,0.35) Joints(0,0,0,0) Weights(0,0,0,0)
Indices: 330 Vertices: 224
Loaded OBJ assets/dungeons/Assets/obj/banner_patternA_brown.obj: 220 vertices, 330 indices.
Loaded Mesh banner_patternA_brown V0: Pos(-0.749992,0.975,0.473354) Joints(0,0,0,0) Weights(0,0,0,0)
Indices: 330 Vertices: 220
Loaded OBJ assets/dungeons/Assets/obj/floor_tile_big_grate_open.obj: 532 vertices, 852 indices.
Loaded Mesh floor_tile_big_grate_open V0: Pos(-1.05,0.05,2) Joints(0,0,0,0) Weights(0,0,0,0)
Indices: 852 Vertices: 532
Loaded OBJ assets/dungeons/Assets/obj/wall_Tsplit.obj: 1180 vertices, 1788 indices.
Loaded Mesh wall_Tsplit V0: Pos(-0.25,0.5,0.500061) Joints(0,0,0,0) Weights(0,0,0,0)
Indices: 1788 Vertices: 1180
Loaded OBJ assets/dungeons/Assets/obj/banner_thin_red.obj: 155 vertices, 249 indices.
Loaded Mesh banner_thin_red V0: Pos(-0.549992,0.975,0.473354) Joints(0,0,0,0) Weights(0,0,0,0)
Indices: 249 Vertices: 155
Loaded OBJ assets/dungeons/Assets/obj/floor_foundation_corner.obj: 418 vertices, 606 indices.
Loaded Mesh floor_foundation_corner V0: Pos(-1.1,1.8,1.1) Joints(0,0,0,0) Weights(0,0,0,0)
Indices: 606 Vertices: 418
Loaded OBJ assets/dungeons/Assets/obj/barrel_small_stack.obj: 2052 vertices, 3447 indices.
Loaded Mesh barrel_small_stack V0: Pos(0.843721,0.601044,0.351517) Joints(0,0,0,0) Weights(0,0,0,0)
Indices: 3447 Vertices: 2052
Loaded OBJ assets/dungeons/Assets/obj/torch.obj: 288 vertices, 648 indices.
Loaded Mesh torch V0: Pos(-0,0.211064,-0.136843) Joints(0,0,0,0) Weights(0,0,0,0)
Indices: 648 Vertices: 288
Loaded OBJ assets/dungeons/Assets/obj/barrier_corner.obj: 260 vertices, 384 indices.
Loaded Mesh barrier_corner V0: Pos(0.25,0.3,1.5) Joints(0,0,0,0) Weights(0,0,0,0)
Indices: 384 Vertices: 260
Loaded OBJ assets/dungeons/Assets/obj/table_medium_decorated_A.obj: 1510 vertices, 3558 indices.
Loaded Mesh table_medium_decorated_A V0: Pos(-0.6,0,-0.9) Joints(0,0,0,0) Weights(0,0,0,0)
Indices: 3558 Vertices: 1510
Loaded OBJ assets/dungeons/Assets/obj/candle.obj: 91 vertices, 198 indices.
Loaded Mesh candle V0: Pos(-0,0,-0.169765) Joints(0,0,0,0) Weights(0,0,0,0)
Indices: 198 Vertices: 91
Loaded OBJ assets/dungeons/Assets/obj/floor_wood_large_dark.obj: 527 vertices, 816 indices.
Loaded Mesh floor_wood_large_dark V0: Pos(2,0.025,-2) Joints(0,0,0,0) Weights(0,0,0,0)
Indices: 816 Vertices: 527
Loaded OBJ assets/dungeons/Assets/obj/wall_gated.obj: 823 vertices, 1347 indices.
Loaded Mesh wall_gated V0: Pos(-1.65959,0.658264,-0.25) Joints(0,0,0,0) Weights(0,0,0,0)
Indices: 1347 Vertices: 823
Loaded OBJ assets/dungeons/Assets/obj/banner_thin_yellow.obj: 155 vertices, 249 indices.
Loaded Mesh banner_thin_yellow V0: Pos(-0.549992,0.975,0.473354) Joints(0,0,0,0) Weights(0,0,0,0)
Indices: 249 Vertices: 155
Loaded OBJ assets/dungeons/Assets/obj/wall_doorway_scaffold_door.obj: 638 vertices, 1860 indices.
Loaded Mesh wall_doorway_scaffold_door V0: Pos(1,2.09037,0.1) Joints(0,0,0,0) Weights(0,0,0,0)
Indices: 1860 Vertices: 638
Loaded OBJ assets/dungeons/Assets/obj/floor_tile_large_rocks.obj: 546 vertices, 1014 indices.
Loaded Mesh floor_tile_large_rocks V0: Pos(-1.05,0.05,2) Joints(0,0,0,0) Weights(0,0,0,0)
Indices: 1014 Vertices: 546
Loaded OBJ assets/dungeons/Assets/obj/trunk_medium_A.obj: 254 vertices, 444 indices.
Loaded Mesh trunk_medium_A V0: Pos(0.442751,-0,0.270143) Joints(0,0,0,0) Weights(0,0,0,0)
Indices: 444 Vertices: 254
Loaded OBJ assets/dungeons/Assets/obj/stairs_long_modular_right.obj: 516 vertices, 744 indices.
Loaded Mesh stairs_long_modular_right V0: Pos(1,1,6.9) Joints(0,0,0,0) Weights(0,0,0,0)
Indices: 744 Vertices: 516
Loaded OBJ assets/dungeons/Assets/obj/banner_red.obj: 187 vertices, 291 indices.
Loaded Mesh banner_red V0: Pos(-0.749992,0.975,0.473354) Joints(0,0,0,0) Weights(0,0,0,0)
Indices: 291 Vertices: 187
Loaded OBJ assets/dungeons/Assets/obj/floor_foundation_front_and_sides.obj: 599 vertices, 843 indices.
Loaded Mesh floor_foundation_front_and_sides V0: Pos(-1.1,1.8,1.1) Joints(0,0,0,0) Weights(0,0,0,0)
Indices: 843 Vertices: 599
Loaded OBJ assets/dungeons/Assets/obj/candle_melted.obj: 91 vertices, 198 indices.
Loaded Mesh candle_melted V0: Pos(-0,0,-0.169765) Joints(0,0,0,0) Weights(0,0,0,0)
Indices: 198 Vertices: 91
Loaded OBJ assets/dungeons/Assets/obj/banner_blue.obj: 187 vertices, 291 indices.
Loaded Mesh banner_blue V0: Pos(-0.749992,0.975,0.473354) Joints(0,0,0,0) Weights(0,0,0,0)
Indices: 291 Vertices: 187
Loaded OBJ assets/dungeons/Assets/obj/shelf_small.obj: 110 vertices, 180 indices.
Loaded Mesh shelf_small V0: Pos(0.5,-0.075,0.5) Joints(0,0,0,0) Weights(0,0,0,0)
Indices: 180 Vertices: 110
Loaded OBJ assets/dungeons/Assets/obj/coin_stack_large.obj: 2208 vertices, 5328 indices.
Loaded Mesh coin_stack_large V0: Pos(0.169382,0.159982,0.423776) Joints(0,0,0,0) Weights(0,0,0,0)
Indices: 5328 Vertices: 2208
Loaded OBJ assets/dungeons/Assets/obj/floor_tile_extralarge_grates.obj: 1316 vertices, 2316 indices.
Loaded Mesh floor_tile_extralarge_grates V0: Pos(-1,0.05,2) Joints(0,0,0,0) Weights(0,0,0,0)
Indices: 2316 Vertices: 1316
Loaded OBJ assets/dungeons/Assets/obj/box_large.obj: 320 vertices, 564 indices.
Loaded Mesh box_large V0: Pos(0.513813,1.26381,-0.75) Joints(0,0,0,0) Weights(0,0,0,0)
Indices: 564 Vertices: 320
Loaded OBJ assets/dungeons/Assets/obj/trunk_medium_B.obj: 254 vertices, 444 indices.
Loaded Mesh trunk_medium_B V0: Pos(0.442751,-0,0.270143) Joints(0,0,0,0) Weights(0,0,0,0)
Indices: 444 Vertices: 254
Loaded OBJ assets/dungeons/Assets/obj/trunk_medium_C.obj: 254 vertices, 444 indices.
Loaded Mesh trunk_medium_C V0: Pos(0.442751,-0,0.270143) Joints(0,0,0,0) Weights(0,0,0,0)
Indices: 444 Vertices: 254
Loaded OBJ assets/dungeons/Assets/obj/banner_shield_yellow.obj: 1022 vertices, 1917 indices.
Loaded Mesh banner_shield_yellow V0: Pos(-0.749992,0.975,0.473354) Joints(0,0,0,0) Weights(0,0,0,0)
Indices: 1917 Vertices: 1022
Loaded OBJ assets/dungeons/Assets/obj/key.obj: 160 vertices, 480 indices.
Loaded Mesh key V0: Pos(0.168256,0.038065,-0.053403) Joints(0,0,0,0) Weights(0,0,0,0)
Indices: 480 Vertices: 160
Loaded OBJ assets/dungeons/Assets/obj/banner_brown.obj: 187 vertices, 291 indices.
Loaded Mesh banner_brown V0: Pos(-0.749992,0.975,0.473354) Joints(0,0,0,0) Weights(0,0,0,0)
Indices: 291 Vertices: 187
Loaded OBJ assets/dungeons/Assets/obj/barrel_large_decorated.obj: 1379 vertices, 3141 indices.
Loaded Mesh barrel_large_decorated V0: Pos(0.348166,0.975611,-0.834082) Joints(0,0,0,0) Weights(0,0,0,0)
Indices: 3141 Vertices: 1379
Loaded OBJ assets/dungeons/Assets/obj/bottle_A_green.obj: 206 vertices, 432 indices.
Loaded Mesh bottle_A_green V0: Pos(-0.138218,0.468007,0.032911) Joints(0,0,0,0) Weights(0,0,0,0)
Indices: 432 Vertices: 206
Loaded OBJ assets/dungeons/Assets/obj/shelves.obj: 284 vertices, 456 indices.
Loaded Mesh shelves V0: Pos(1,1.025,0.75) Joints(0,0,0,0) Weights(0,0,0,0)
Indices: 456 Vertices: 284
Loaded OBJ assets/dungeons/Assets/obj/banner_patternA_blue.obj: 220 vertices, 330 indices.
Loaded Mesh banner_patternA_blue V0: Pos(-0.749992,0.975,0.473354) Joints(0,0,0,0) Weights(0,0,0,0)
Indices: 330 Vertices: 220
Loaded OBJ assets/dungeons/Assets/obj/bottle_A_labeled_green.obj: 210 vertices, 432 indices.
Loaded Mesh bottle_A_labeled_green V0: Pos(-0.138218,0.468007,0.032911) Joints(0,0,0,0) Weights(0,0,0,0)
Indices: 432 Vertices: 210
Loaded OBJ assets/dungeons/Assets/obj/banner_triple_blue.obj: 497 vertices, 789 indices.
Loaded Mesh banner_triple_blue V0: Pos(-0.749992,0.975,0.473354) Joints(0,0,0,0) Weights(0,0,0,0)
Indices: 789 Vertices: 497
Loaded OBJ assets/dungeons/Assets/obj/floor_tile_small_broken_B.obj: 112 vertices, 228 indices.
Loaded Mesh floor_tile_small_broken_B V0: Pos(0.558579,0.05,0.458579) Joints(0,0,0,0) Weights(0,0,0,0)
Indices: 228 Vertices: 112
Loaded OBJ assets/dungeons/Assets/obj/banner_shield_green.obj: 1022 vertices, 1917 indices.
Loaded Mesh banner_shield_green V0: Pos(-0.749992,0.975,0.473354) Joints(0,0,0,0) Weights(0,0,0,0)
Indices: 1917 Vertices: 1022
Loaded OBJ assets/dungeons/Assets/obj/rubble_large.obj: 1200 vertices, 2364 indices.
Loaded Mesh rubble_large V0: Pos(2.83438,2.72256,-0.589299) Joints(0,0,0,0) Weights(0,0,0,0)
Indices: 2364 Vertices: 1200
Loaded OBJ assets/dungeons/Assets/obj/trunk_small_B.obj: 358 vertices, 612 indices.
Loaded Mesh trunk_small_B V0: Pos(0.315167,-0,0.180096) Joints(0,0,0,0) Weights(0,0,0,0)
Indices: 612 Vertices: 358
Loaded OBJ assets/dungeons/Assets/obj/trunk_small_C.obj: 358 vertices, 612 indices.
Loaded Mesh trunk_small_C V0: Pos(0.315167,-0,0.180096) Joints(0,0,0,0) Weights(0,0,0,0)
Indices: 612 Vertices: 358
Loaded OBJ assets/dungeons/Assets/obj/stairs_walled.obj: 1520 vertices, 2370 indices.
Loaded Mesh stairs_walled V0: Pos(2.25,0.5,4) Joints(0,0,0,0) Weights(0,0,0,0)
Indices: 2370 Vertices: 1520
Loaded OBJ assets/dungeons/Assets/obj/banner_patternA_green.obj: 220 vertices, 330 indices.
Loaded Mesh banner_patternA_green V0: Pos(-0.749992,0.975,0.473354) Joints(0,0,0,0) Weights(0,0,0,0)
Indices: 330 Vertices: 220
Loaded OBJ assets/dungeons/Assets/obj/coin_stack_small.obj: 560 vertices, 1248 indices.
Loaded Mesh coin_stack_small V0: Pos(0.097547,0.159982,-0.224411) Joints(0,0,0,0) Weights(0,0,0,0)
Indices: 1248 Vertices: 560
Loaded OBJ assets/dungeons/Assets/obj/wall_archedwindow_gated_scaffold.obj: 1220 vertices, 2022 indices.
Loaded Mesh wall_archedwindow_gated_scaffold V0: Pos(0.98978,0.825,0.45) Joints(0,0,0,0) Weights(0,0,0,0)
Indices: 2022 Vertices: 1220
Loaded OBJ assets/dungeons/Assets/obj/wall_doorway.obj: 796 vertices, 1344 indices.
Loaded Mesh wall_doorway V0: Pos(-1.08978,0.5,0.25) Joints(0,0,0,0) Weights(0,0,0,0)
Indices: 1344 Vertices: 796
Loaded OBJ assets/dungeons/Assets/obj/banner_shield_blue.obj: 1022 vertices, 1917 indices.
Loaded Mesh banner_shield_blue V0: Pos(-0.749992,0.975,0.473354) Joints(0,0,0,0) Weights(0,0,0,0)
Indices: 1917 Vertices: 1022
Loaded OBJ assets/dungeons/Assets/obj/banner_white.obj: 187 vertices, 291 indices.
Loaded Mesh banner_white V0: Pos(-0.749992,0.975,0.473354) Joints(0,0,0,0) Weights(0,0,0,0)
Indices: 291 Vertices: 187
Loaded OBJ assets/dungeons/Assets/obj/stairs_modular_left.obj: 420 vertices, 618 indices.
Loaded Mesh stairs_modular_left V0: Pos(-1,2.5,1.9) Joints(0,0,0,0) Weights(0,0,0,0)
Indices: 618 Vertices: 420
Loaded OBJ assets/dungeons/Assets/obj/box_small.obj: 320 vertices, 564 indices.
Loaded Mesh box_small V0: Pos(0.342542,0.842542,-0.5) Joints(0,0,0,0) Weights(0,0,0,0)
Indices: 564 Vertices: 320
Loaded OBJ assets/dungeons/Assets/obj/wall_scaffold.obj: 1178 vertices, 1752 indices.
Loaded Mesh wall_scaffold V0: Pos(2,0.5,0.25) Joints(0,0,0,0) Weights(0,0,0,0)
Indices: 1752 Vertices: 1178
Loaded OBJ assets/dungeons/Assets/obj/barrier.obj: 180 vertices, 270 indices.
Loaded Mesh barrier V0: Pos(-1.5,0.3,0.25) Joints(0,0,0,0) Weights(0,0,0,0)
Indices: 270 Vertices: 180
Loaded OBJ assets/dungeons/Assets/obj/floor_foundation_allsides.obj: 780 vertices, 1080 indices.
Loaded Mesh floor_foundation_allsides V0: Pos(-1.1,1.8,1.1) Joints(0,0,0,0) Weights(0,0,0,0)
Indices: 1080 Vertices: 780
Loaded OBJ assets/dungeons/Assets/obj/box_small_decorated.obj: 1507 vertices, 2784 indices.
Loaded Mesh box_small_decorated V0: Pos(0.342542,0.842542,-0.5) Joints(0,0,0,0) Weights(0,0,0,0)
Indices: 2784 Vertices: 1507
Loaded OBJ assets/dungeons/Assets/obj/sword_shield_gold.obj: 801 vertices, 1626 indices.
Loaded Mesh sword_shield_gold V0: Pos(0.28192,-6.8e-05,0.059829) Joints(0,0,0,0) Weights(0,0,0,0)
Indices: 1626 Vertices: 801
Loaded OBJ assets/dungeons/Assets/obj/floor_tile_small_broken_A.obj: 133 vertices, 282 indices.
Loaded Mesh floor_tile_small_broken_A V0: Pos(0.458579,0.05,0.558579) Joints(0,0,0,0) Weights(0,0,0,0)
Indices: 282 Vertices: 133
Loaded OBJ assets/dungeons/Assets/obj/chest_gold.obj: 1508 vertices, 3318 indices.
Loaded Mesh chest_gold V0: Pos(-0.65,0.6,-0.4) Joints(0,0,0,0) Weights(0,0,0,0)
Indices: 3318 Vertices: 1508
Loaded OBJ assets/dungeons/Assets/obj/torch_mounted.obj: 388 vertices, 834 indices.
Loaded Mesh torch_mounted V0: Pos(-0.136838,0.209766,0.255849) Joints(0,0,0,0) Weights(0,0,0,0)
Indices: 834 Vertices: 388
Loaded OBJ assets/dungeons/Assets/obj/shelf_large.obj: 142 vertices, 228 indices.
Loaded Mesh shelf_large V0: Pos(-1,-0.075,0.5) Joints(0,0,0,0) Weights(0,0,0,0)
Indices: 228 Vertices: 142
Loaded OBJ assets/dungeons/Assets/obj/stairs_narrow.obj: 734 vertices, 1074 indices.
Loaded Mesh stairs_narrow V0: Pos(1.25,2.5,1.9) Joints(0,0,0,0) Weights(0,0,0,0)
Indices: 1074 Vertices: 734
Loaded OBJ assets/dungeons/Assets/obj/trunk_small_A.obj: 358 vertices, 612 indices.
Loaded Mesh trunk_small_A V0: Pos(0.315167,-0,0.180096) Joints(0,0,0,0) Weights(0,0,0,0)
Indices: 612 Vertices: 358
Loaded OBJ assets/dungeons/Assets/obj/coin_stack_medium.obj: 1235 vertices, 2904 indices.
Loaded Mesh coin_stack_medium V0: Pos(0.285131,0.121134,0.065997) Joints(0,0,0,0) Weights(0,0,0,0)
Indices: 2904 Vertices: 1235
Loaded OBJ assets/dungeons/Assets/obj/banner_triple_yellow.obj: 497 vertices, 789 indices.
Loaded Mesh banner_triple_yellow V0: Pos(-0.749992,0.975,0.473354) Joints(0,0,0,0) Weights(0,0,0,0)
Indices: 789 Vertices: 497
Loaded OBJ assets/dungeons/Assets/obj/stairs_modular_center.obj: 106 vertices, 162 indices.
Loaded Mesh stairs_modular_center V0: Pos(-1,0.5,0) Joints(0,0,0,0) Weights(0,0,0,0)
Indices: 162 Vertices: 106
Loaded OBJ assets/dungeons/Assets/obj/plate_stack.obj: 403 vertices, 1080 indices.
Loaded Mesh plate_stack V0: Pos(-0.242818,0.12941,0.419717) Joints(0,0,0,0) Weights(0,0,0,0)
Indices: 1080 Vertices: 403
Loaded OBJ assets/dungeons/Assets/obj/candle_thin.obj: 91 vertices, 198 indices.
Loaded Mesh candle_thin V0: Pos(-0,0,-0.098085) Joints(0,0,0,0) Weights(0,0,0,0)
Indices: 198 Vertices: 91
Loaded OBJ assets/dungeons/Assets/obj/torch_lit.obj: 317 vertices, 810 indices.
Loaded Mesh torch_lit V0: Pos(-0,0.211064,-0.136843) Joints(0,0,0,0) Weights(0,0,0,0)
Indices: 810 Vertices: 317
Loaded OBJ assets/dungeons/Assets/obj/floor_tile_small_decorated.obj: 604 vertices, 1170 indices.
Loaded Mesh floor_tile_small_decorated V0: Pos(1,0.05,0.05) Joints(0,0,0,0) Weights(0,0,0,0)
Indices: 1170 Vertices: 604
Loaded OBJ assets/dungeons/Assets/obj/keg_decorated.obj: 3123 vertices, 6174 indices.
Loaded Mesh keg_decorated V0: Pos(-1.2,0,-0.7) Joints(0,0,0,0) Weights(0,0,0,0)
Indices: 6174 Vertices: 3123
Loaded OBJ assets/dungeons/Assets/obj/plate_food_B.obj: 325 vertices, 918 indices.
Loaded Mesh plate_food_B V0: Pos(-0.242818,0.12941,0.419717) Joints(0,0,0,0) Weights(0,0,0,0)
Indices: 918 Vertices: 325
Loaded OBJ assets/dungeons/Assets/obj/candle_lit.obj: 120 vertices, 360 indices.
Loaded Mesh candle_lit V0: Pos(-0,0,-0.169765) Joints(0,0,0,0) Weights(0,0,0,0)
Indices: 360 Vertices: 120
Loaded OBJ assets/dungeons/Assets/obj/wall_shelves.obj: 2837 vertices, 4746 indices.
Loaded Mesh wall_shelves V0: Pos(2,0.5,0.25) Joints(0,0,0,0) Weights(0,0,0,0)
Indices: 4746 Vertices: 2837
Loaded OBJ assets/dungeons/Assets/obj/banner_thin_green.obj: 155 vertices, 249 indices.
Loaded Mesh banner_thin_green V0: Pos(-0.549992,0.975,0.473354) Joints(0,0,0,0) Weights(0,0,0,0)
Indices: 249 Vertices: 155
Loaded OBJ assets/dungeons/Assets/obj/banner_patternC_red.obj: 197 vertices, 291 indices.
Loaded Mesh banner_patternC_red V0: Pos(-0.749992,0.975,0.473354) Joints(0,0,0,0) Weights(0,0,0,0)
Indices: 291 Vertices: 197
Loaded OBJ assets/dungeons/Assets/obj/bed_frame.obj: 332 vertices, 912 indices.
Loaded Mesh bed_frame V0: Pos(0.45,0,-1.425) Joints(0,0,0,0) Weights(0,0,0,0)
Indices: 912 Vertices: 332
Loaded OBJ assets/dungeons/Assets/obj/coin.obj: 118 vertices, 240 indices.
Loaded Mesh coin V0: Pos(0.125241,2e-06,0.129314) Joints(0,0,0,0) Weights(0,0,0,0)
Indices: 240 Vertices: 118
Loaded OBJ assets/dungeons/Assets/obj/wall_half.obj: 551 vertices, 816 indices.
Loaded Mesh wall_half V0: Pos(-0,0.5,-0.25) Joints(0,0,0,0) Weights(0,0,0,0)
Indices: 816 Vertices: 551
Loaded OBJ assets/dungeons/Assets/obj/trunk_large_A.obj: 358 vertices, 612 indices.
Loaded Mesh trunk_large_A V0: Pos(0.705882,-0,0.401333) Joints(0,0,0,0) Weights(0,0,0,0)
Indices: 612 Vertices: 358
Loaded OBJ assets/dungeons/Assets/obj/wall_window_open.obj: 1126 vertices, 1812 indices.
Loaded Mesh wall_window_open V0: Pos(-0.869343,1.07706,-0.25) Joints(0,0,0,0) Weights(0,0,0,0)
Indices: 1812 Vertices: 1126
Loaded OBJ assets/dungeons/Assets/obj/wall_pillar.obj: 1052 vertices, 1620 indices.
Loaded Mesh wall_pillar V0: Pos(0.649074,3.2,-0.25) Joints(0,0,0,0) Weights(0,0,0,0)
Indices: 1620 Vertices: 1052
Loaded OBJ assets/dungeons/Assets/obj/floor_dirt_small_corner.obj: 103 vertices, 168 indices.
Loaded Mesh floor_dirt_small_corner V0: Pos(-0.04835,0.05,-0.616445) Joints(0,0,0,0) Weights(0,0,0,0)
Indices: 168 Vertices: 103
Loaded OBJ assets/dungeons/Assets/obj/floor_tile_extralarge_grates_open.obj: 1300 vertices, 2292 indices.
Loaded Mesh floor_tile_extralarge_grates_open V0: Pos(-1,0.05,2) Joints(0,0,0,0) Weights(0,0,0,0)
Indices: 2292 Vertices: 1300
Loaded OBJ assets/dungeons/Assets/obj/sword_shield_broken.obj: 602 vertices, 1188 indices.
Loaded Mesh sword_shield_broken V0: Pos(0.411535,0.43233,0.127035) Joints(0,0,0,0) Weights(0,0,0,0)
Indices: 1188 Vertices: 602
Loaded OBJ assets/dungeons/Assets/obj/pillar.obj: 241 vertices, 408 indices.
Loaded Mesh pillar V0: Pos(-0.276316,0.5,-0.552632) Joints(0,0,0,0) Weights(0,0,0,0)
Indices: 408 Vertices: 241
Loaded OBJ assets/dungeons/Assets/obj/floor_wood_small_dark.obj: 146 vertices, 234 indices.
Loaded Mesh floor_wood_small_dark V0: Pos(1,0.025,-1) Joints(0,0,0,0) Weights(0,0,0,0)
Indices: 234 Vertices: 146
Loaded OBJ assets/dungeons/Assets/obj/box_stacked.obj: 3394 vertices, 6519 indices.
Loaded Mesh box_stacked V0: Pos(-0.092146,0.975611,0.005126) Joints(0,0,0,0) Weights(0,0,0,0)
Indices: 6519 Vertices: 3394
Loaded OBJ assets/dungeons/Assets/obj/wall_sloped.obj: 533 vertices, 771 indices.
Loaded Mesh wall_sloped V0: Pos(-2,0.5,-0.25) Joints(0,0,0,0) Weights(0,0,0,0)
Indices: 771 Vertices: 533
Loaded OBJ assets/dungeons/Assets/obj/barrier_colum_half.obj: 176 vertices, 258 indices.
Loaded Mesh barrier_colum_half V0: Pos(0.75,0.3,0.25) Joints(0,0,0,0) Weights(0,0,0,0)
Indices: 258 Vertices: 176
Loaded OBJ assets/dungeons/Assets/obj/banner_triple_brown.obj: 497 vertices, 789 indices.
Loaded Mesh banner_triple_brown V0: Pos(-0.749992,0.975,0.473354) Joints(0,0,0,0) Weights(0,0,0,0)
Indices: 789 Vertices: 497
Loaded OBJ assets/dungeons/Assets/obj/bottle_B_green.obj: 206 vertices, 432 indices.
Loaded Mesh bottle_B_green V0: Pos(-0.207379,0.389269,0.049379) Joints(0,0,0,0) Weights(0,0,0,0)
Indices: 432 Vertices: 206
Loaded OBJ assets/dungeons/Assets/obj/trunk_large_C.obj: 358 vertices, 612 indices.
Loaded Mesh trunk_large_C V0: Pos(0.705882,-0,0.401333) Joints(0,0,0,0) Weights(0,0,0,0)
Indices: 612 Vertices: 358
Loaded OBJ assets/dungeons/Assets/obj/plate_food_A.obj: 536 vertices, 1641 indices.
Loaded Mesh plate_food_A V0: Pos(-0.242818,0.12941,0.419717) Joints(0,0,0,0) Weights(0,0,0,0)
Indices: 1641 Vertices: 536
Loaded OBJ assets/dungeons/Assets/obj/bottle_C_brown.obj: 206 vertices, 432 indices.
Loaded Mesh bottle_C_brown V0: Pos(-0.276505,0.389269,0.065838) Joints(0,0,0,0) Weights(0,0,0,0)
Indices: 432 Vertices: 206
Loaded OBJ assets/dungeons/Assets/obj/stairs_long_modular_center.obj: 106 vertices, 162 indices.
Loaded Mesh stairs_long_modular_center V0: Pos(-1,0.5,0) Joints(0,0,0,0) Weights(0,0,0,0)
Indices: 162 Vertices: 106
Loaded OBJ assets/dungeons/Assets/obj/banner_patternC_white.obj: 197 vertices, 291 indices.
Loaded Mesh banner_patternC_white V0: Pos(-0.749992,0.975,0.473354) Joints(0,0,0,0) Weights(0,0,0,0)
Indices: 291 Vertices: 197
Loaded OBJ assets/dungeons/Assets/obj/wall_crossing.obj: 1352 vertices, 2094 indices.
Loaded Mesh wall_crossing V0: Pos(-0.25,0.5,0.5) Joints(0,0,0,0) Weights(0,0,0,0)
Indices: 2094 Vertices: 1352
Loaded OBJ assets/dungeons/Assets/obj/keg.obj: 1088 vertices, 2421 indices.
Loaded Mesh keg V0: Pos(0.654257,0.5,0.281831) Joints(0,0,0,0) Weights(0,0,0,0)
Indices: 2421 Vertices: 1088
Loaded OBJ assets/dungeons/Assets/obj/trunk_large_B.obj: 358 vertices, 612 indices.
Loaded Mesh trunk_large_B V0: Pos(0.705882,-0,0.401333) Joints(0,0,0,0) Weights(0,0,0,0)
Indices: 612 Vertices: 358
Loaded OBJ assets/dungeons/Assets/obj/table_medium_tablecloth.obj: 482 vertices, 810 indices.
Loaded Mesh table_medium_tablecloth V0: Pos(-0.6,0,-0.9) Joints(0,0,0,0) Weights(0,0,0,0)
Indices: 810 Vertices: 482
Loaded OBJ assets/dungeons/Assets/obj/table_long_tablecloth.obj: 568 vertices, 1062 indices.
Loaded Mesh table_long_tablecloth V0: Pos(0.6,0,-1.9) Joints(0,0,0,0) Weights(0,0,0,0)
Indices: 1062 Vertices: 568
Loaded OBJ assets/dungeons/Assets/obj/banner_patternC_brown.obj: 197 vertices, 291 indices.
Loaded Mesh banner_patternC_brown V0: Pos(-0.749992,0.975,0.473354) Joints(0,0,0,0) Weights(0,0,0,0)
Indices: 291 Vertices: 197
Loaded OBJ assets/dungeons/Assets/obj/table_long_tablecloth_decorated_A.obj: 2451 vertices, 6105 indices.
Loaded Mesh table_long_tablecloth_decorated_A V0: Pos(0.6,0,-1.9) Joints(0,0,0,0) Weights(0,0,0,0)
Indices: 6105 Vertices: 2451
Loaded OBJ assets/dungeons/Assets/obj/banner_patternB_green.obj: 197 vertices, 291 indices.
Loaded Mesh banner_patternB_green V0: Pos(-0.749992,0.975,0.473354) Joints(0,0,0,0) Weights(0,0,0,0)
Indices: 291 Vertices: 197
Loaded OBJ assets/dungeons/Assets/obj/banner_triple_white.obj: 497 vertices, 789 indices.
Loaded Mesh banner_triple_white V0: Pos(-0.749992,0.975,0.473354) Joints(0,0,0,0) Weights(0,0,0,0)
Indices: 789 Vertices: 497
Loaded OBJ assets/dungeons/Assets/obj/table_small_decorated_A.obj: 1271 vertices, 2958 indices.
Loaded Mesh table_small_decorated_A V0: Pos(0.449181,0,-0.200197) Joints(0,0,0,0) Weights(0,0,0,0)
Indices: 2958 Vertices: 1271
Loaded OBJ assets/dungeons/Assets/obj/wall_Tsplit_sloped.obj: 1111 vertices, 1665 indices.
Loaded Mesh wall_Tsplit_sloped V0: Pos(0.250061,0.5,0.500061) Joints(0,0,0,0) Weights(0,0,0,0)
Indices: 1665 Vertices: 1111
Loaded OBJ assets/dungeons/Assets/obj/wall_doorway_door.obj: 638 vertices, 1860 indices.
Loaded Mesh wall_doorway_door V0: Pos(1,2.09037,0.1) Joints(0,0,0,0) Weights(0,0,0,0)
Indices: 1860 Vertices: 638
Loaded OBJ assets/dungeons/Assets/obj/stairs_wood.obj: 485 vertices, 888 indices.
Loaded Mesh stairs_wood V0: Pos(1.35,-0,0.7) Joints(0,0,0,0) Weights(0,0,0,0)
Indices: 888 Vertices: 485
Loaded OBJ assets/dungeons/Assets/obj/wall_archedwindow_open.obj: 1133 vertices, 1905 indices.
Loaded Mesh wall_archedwindow_open V0: Pos(0.98978,0.825,0.45) Joints(0,0,0,0) Weights(0,0,0,0)
Indices: 1905 Vertices: 1133
Loaded OBJ assets/dungeons/Assets/obj/plate.obj: 135 vertices, 360 indices.
Loaded Mesh plate V0: Pos(-0.242818,0.12941,0.419717) Joints(0,0,0,0) Weights(0,0,0,0)
Indices: 360 Vertices: 135
Loaded OBJ assets/dungeons/Assets/obj/table_small_decorated_B.obj: 2387 vertices, 4728 indices.
Loaded Mesh table_small_decorated_B V0: Pos(0.449181,0,-0.200197) Joints(0,0,0,0) Weights(0,0,0,0)
Indices: 4728 Vertices: 2387
Loaded OBJ assets/dungeons/Assets/obj/rubble_half.obj: 607 vertices, 1170 indices.
Loaded Mesh rubble_half V0: Pos(-0,3.25144,0.444739) Joints(0,0,0,0) Weights(0,0,0,0)
Indices: 1170 Vertices: 607
Loaded OBJ assets/dungeons/Assets/obj/wall_corner_small.obj: 467 vertices, 669 indices.
Loaded Mesh wall_corner_small V0: Pos(-0.249939,0.5,0.500061) Joints(0,0,0,0) Weights(0,0,0,0)
Indices: 669 Vertices: 467
Loaded OBJ assets/dungeons/Assets/obj/wall_open_scaffold.obj: 354 vertices, 588 indices.
Loaded Mesh wall_open_scaffold V0: Pos(-2,0,-0.5) Joints(0,0,0,0) Weights(0,0,0,0)
Indices: 588 Vertices: 354
Loaded OBJ assets/dungeons/Assets/obj/banner_patternB_red.obj: 197 vertices, 291 indices.
Loaded Mesh banner_patternB_red V0: Pos(-0.749992,0.975,0.473354) Joints(0,0,0,0) Weights(0,0,0,0)
Indices: 291 Vertices: 197
Loaded OBJ assets/dungeons/Assets/obj/banner_patternC_yellow.obj: 197 vertices, 291 indices.
Loaded Mesh banner_patternC_yellow V0: Pos(-0.749992,0.975,0.473354) Joints(0,0,0,0) Weights(0,0,0,0)
Indices: 291 Vertices: 197
Loaded OBJ assets/dungeons/Assets/obj/stairs.obj: 734 vertices, 1074 indices.
Loaded Mesh stairs V0: Pos(1.75,2.5,1.9) Joints(0,0,0,0) Weights(0,0,0,0)
Indices: 1074 Vertices: 734
Loaded OBJ assets/dungeons/Assets/obj/chest_gold_lid.obj: 648 vertices, 1386 indices.
Loaded Mesh chest_gold_lid V0: Pos(0.8,0.95694,0.398494) Joints(0,0,0,0) Weights(0,0,0,0)
Indices: 1386 Vertices: 648
Loaded OBJ assets/dungeons/Assets/obj/wall_corner.obj: 886 vertices, 1329 indices.
Loaded Mesh wall_corner V0: Pos(-0.25,0.5,0.500061) Joints(0,0,0,0) Weights(0,0,0,0)
Indices: 1329 Vertices: 886
Loaded OBJ assets/dungeons/Assets/obj/column.obj: 92 vertices, 132 indices.
Loaded Mesh column V0: Pos(0.35,0.9,-0.35) Joints(0,0,0,0) Weights(0,0,0,0)
Indices: 132 Vertices: 92
Loaded OBJ assets/dungeons/Assets/obj/stairs_wood_decorated.obj: 3785 vertices, 7611 indices.
Loaded Mesh stairs_wood_decorated V0: Pos(1.35,-0,0.7) Joints(0,0,0,0) Weights(0,0,0,0)
Indices: 7611 Vertices: 3785
Loaded OBJ assets/dungeons/Assets/obj/floor_tile_grate_open.obj: 272 vertices, 420 indices.
Loaded Mesh floor_tile_grate_open V0: Pos(-1.86314,0.05,-0.863137) Joints(0,0,0,0) Weights(0,0,0,0)
Indices: 420 Vertices: 272
Loaded OBJ assets/dungeons/Assets/obj/wall_cracked.obj: 2848 vertices, 6030 indices.
Loaded Mesh wall_cracked V0: Pos(0.670825,1.3569,0.25) Joints(0,0,0,0) Weights(0,0,0,0)
Indices: 6030 Vertices: 2848
Loaded OBJ assets/dungeons/Assets/obj/floor_dirt_small_D.obj: 39 vertices, 60 indices.
Loaded Mesh floor_dirt_small_D V0: Pos(0.253745,0,0.225121) Joints(0,0,0,0) Weights(0,0,0,0)
Indices: 60 Vertices: 39
Loaded OBJ assets/dungeons/Assets/obj/stairs_wall_right.obj: 1128 vertices, 1722 indices.
Loaded Mesh stairs_wall_right V0: Pos(-2,0.5,-0.25) Joints(0,0,0,0) Weights(0,0,0,0)
Indices: 1722 Vertices: 1128
Loaded OBJ assets/dungeons/Assets/obj/banner_thin_brown.obj: 155 vertices, 249 indices.
Loaded Mesh banner_thin_brown V0: Pos(-0.549992,0.975,0.473354) Joints(0,0,0,0) Weights(0,0,0,0)
Indices: 249 Vertices: 155
Loaded OBJ assets/dungeons/Assets/obj/wall_half_endcap_sloped.obj: 460 vertices, 690 indices.
Loaded Mesh wall_half_endcap_sloped V0: Pos(-0.3,0.5,0.15) Joints(0,0,0,0) Weights(0,0,0,0)
Indices: 690 Vertices: 460
Loaded OBJ assets/dungeons/Assets/obj/pillar_decorated.obj: 1231 vertices, 2283 indices.
Loaded Mesh pillar_decorated V0: Pos(-0.276316,0.5,-0.552632) Joints(0,0,0,0) Weights(0,0,0,0)
Indices: 2283 Vertices: 1231
Loaded OBJ assets/dungeons/Assets/obj/table_long_decorated_A.obj: 2359 vertices, 5883 indices.
Loaded Mesh table_long_decorated_A V0: Pos(0.6,0,-1.9) Joints(0,0,0,0) Weights(0,0,0,0)
Indices: 5883 Vertices: 2359
Loaded OBJ assets/dungeons/Assets/obj/floor_tile_small_weeds_A.obj: 724 vertices, 1767 indices.
Loaded Mesh floor_tile_small_weeds_A V0: Pos(0.458579,0.05,0.558579) Joints(0,0,0,0) Weights(0,0,0,0)
Indices: 1767 Vertices: 724
Loaded OBJ assets/dungeons/Assets/obj/floor_tile_small.obj: 100 vertices, 198 indices.
Loaded Mesh floor_tile_small V0: Pos(1,0.05,0.05) Joints(0,0,0,0) Weights(0,0,0,0)
Indices: 198 Vertices: 100
Loaded OBJ assets/dungeons/Assets/obj/floor_dirt_large_rocky.obj: 340 vertices, 561 indices.
Loaded Mesh floor_dirt_large_rocky V0: Pos(1.16633,0,-1.192) Joints(0,0,0,0) Weights(0,0,0,0)
Indices: 561 Vertices: 340
Loaded OBJ assets/dungeons/Assets/obj/floor_tile_big_spikes.obj: 902 vertices, 1590 indices.
Loaded Mesh floor_tile_big_spikes V0: Pos(-1.05,0.05,2) Joints(0,0,0,0) Weights(0,0,0,0)
Indices: 1590 Vertices: 902
Loaded OBJ assets/dungeons/Assets/obj/wall_window_closed.obj: 1246 vertices, 1992 indices.
Loaded Mesh wall_window_closed V0: Pos(-0.869343,1.07706,-0.25) Joints(0,0,0,0) Weights(0,0,0,0)
Indices: 1992 Vertices: 1246
Loaded OBJ assets/dungeons/Assets/obj/sword_shield.obj: 801 vertices, 1626 indices.
Loaded Mesh sword_shield V0: Pos(0.28192,-6.8e-05,0.059829) Joints(0,0,0,0) Weights(0,0,0,0)
Indices: 1626 Vertices: 801
Loaded OBJ assets/dungeons/Assets/obj/banner_patternB_blue.obj: 197 vertices, 291 indices.
Loaded Mesh banner_patternB_blue V0: Pos(-0.749992,0.975,0.473354) Joints(0,0,0,0) Weights(0,0,0,0)
Indices: 291 Vertices: 197
Loaded OBJ assets/dungeons/Assets/obj/banner_patternC_blue.obj: 197 vertices, 291 indices.
Loaded Mesh banner_patternC_blue V0: Pos(-0.749992,0.975,0.473354) Joints(0,0,0,0) Weights(0,0,0,0)
Indices: 291 Vertices: 197
Loaded OBJ assets/dungeons/Assets/obj/barrel_large.obj: 694 vertices, 1683 indices.
Loaded Mesh barrel_large V0: Pos(-0.199336,0.975611,-0.881577) Joints(0,0,0,0) Weights(0,0,0,0)
Indices: 1683 Vertices: 694
Loaded OBJ assets/dungeons/Assets/obj/banner_triple_green.obj: 497 vertices, 789 indices.
Loaded Mesh banner_triple_green V0: Pos(-0.749992,0.975,0.473354) Joints(0,0,0,0) Weights(0,0,0,0)
Indices: 789 Vertices: 497
Loaded OBJ assets/dungeons/Assets/obj/banner_patternB_white.obj: 197 vertices, 291 indices.
Loaded Mesh banner_patternB_white V0: Pos(-0.749992,0.975,0.473354) Joints(0,0,0,0) Weights(0,0,0,0)
Indices: 291 Vertices: 197
Loaded OBJ assets/dungeons/Assets/obj/bottle_B_brown.obj: 206 vertices, 432 indices.
Loaded Mesh bottle_B_brown V0: Pos(-0.207379,0.389269,0.049379) Joints(0,0,0,0) Weights(0,0,0,0)
Indices: 432 Vertices: 206
Loaded OBJ assets/dungeons/Assets/obj/table_long_decorated_C.obj: 5106 vertices, 10497 indices.
Loaded Mesh table_long_decorated_C V0: Pos(0.6,0,-1.9) Joints(0,0,0,0) Weights(0,0,0,0)
Indices: 10497 Vertices: 5106
Loaded OBJ assets/dungeons/Assets/obj/floor_tile_grate.obj: 276 vertices, 426 indices.
Loaded Mesh floor_tile_grate V0: Pos(-1.86314,0.05,-0.863137) Joints(0,0,0,0) Weights(0,0,0,0)
Indices: 426 Vertices: 276
Loaded OBJ assets/dungeons/Assets/obj/banner_yellow.obj: 187 vertices, 291 indices.
Loaded Mesh banner_yellow V0: Pos(-0.749992,0.975,0.473354) Joints(0,0,0,0) Weights(0,0,0,0)
Indices: 291 Vertices: 187
Loaded OBJ assets/dungeons/Assets/obj/bottle_C_green.obj: 206 vertices, 432 indices.
Loaded Mesh bottle_C_green V0: Pos(-0.276505,0.389269,0.065838) Joints(0,0,0,0) Weights(0,0,0,0)
Indices: 432 Vertices: 206
Loaded OBJ assets/dungeons/Assets/obj/wall_broken.obj: 1480 vertices, 2352 indices.
Loaded Mesh wall_broken V0: Pos(0.699575,1.17739,-0.050206) Joints(0,0,0,0) Weights(0,0,0,0)
Indices: 2352 Vertices: 1480
Loaded OBJ assets/dungeons/Assets/obj/floor_wood_large.obj: 527 vertices, 816 indices.
Loaded Mesh floor_wood_large V0: Pos(2,0.025,-2) Joints(0,0,0,0) Weights(0,0,0,0)
Indices: 816 Vertices: 527
Loaded OBJ assets/dungeons/Assets/obj/keyring_hanging.obj: 714 vertices, 2184 indices.
Loaded Mesh keyring_hanging V0: Pos(0.339829,-0.300002,0) Joints(0,0,0,0) Weights(0,0,0,0)
Indices: 2184 Vertices: 714
Loaded OBJ assets/dungeons/Assets/obj/floor_dirt_large.obj: 196 vertices, 312 indices.
Loaded Mesh floor_dirt_large V0: Pos(2,0.02,2.00001) Joints(0,0,0,0) Weights(0,0,0,0)
Indices: 312 Vertices: 196
Loaded OBJ assets/dungeons/Assets/obj/floor_tile_small_weeds_B.obj: 556 vertices, 1341 indices.
Loaded Mesh floor_tile_small_weeds_B V0: Pos(0.558579,0.05,0.458579) Joints(0,0,0,0) Weights(0,0,0,0)
Indices: 1341 Vertices: 556
Loaded OBJ assets/dungeons/Assets/obj/table_medium.obj: 440 vertices, 768 indices.
Loaded Mesh table_medium V0: Pos(-0.6,0,-0.9) Joints(0,0,0,0) Weights(0,0,0,0)
Indices: 768 Vertices: 440
Loaded OBJ assets/dungeons/Assets/obj/wall.obj: 1008 vertices, 1482 indices.
Loaded Mesh wall V0: Pos(2,0.5,0.25) Joints(0,0,0,0) Weights(0,0,0,0)
Indices: 1482 Vertices: 1008
Loaded OBJ assets/dungeons/Assets/obj/floor_tile_big_grate.obj: 548 vertices, 876 indices.
Loaded Mesh floor_tile_big_grate V0: Pos(-1.05,0.05,2) Joints(0,0,0,0) Weights(0,0,0,0)
Indices: 876 Vertices: 548
Loaded OBJ assets/dungeons/Assets/obj/wall_archedwindow_gated.obj: 1326 vertices, 2196 indices.
Loaded Mesh wall_archedwindow_gated V0: Pos(0.98978,0.825,0.45) Joints(0,0,0,0) Weights(0,0,0,0)
Indices: 2196 Vertices: 1326
Loaded OBJ assets/dungeons/Assets/obj/candle_thin_lit.obj: 120 vertices, 360 indices.
Loaded Mesh candle_thin_lit V0: Pos(-0,0,-0.098085) Joints(0,0,0,0) Weights(0,0,0,0)
Indices: 360 Vertices: 120
Loaded OBJ assets/dungeons/Assets/obj/banner_patternC_green.obj: 197 vertices, 291 indices.
Loaded Mesh banner_patternC_green V0: Pos(-0.749992,0.975,0.473354) Joints(0,0,0,0) Weights(0,0,0,0)
Indices: 291 Vertices: 197
Loaded OBJ assets/dungeons/Assets/obj/floor_foundation_diagonal_corner.obj: 223 vertices, 333 indices.
Loaded Mesh floor_foundation_diagonal_corner V0: Pos(1,0.2,1.1) Joints(0,0,0,0) Weights(0,0,0,0)
Indices: 333 Vertices: 223
Loaded OBJ assets/dungeons/Assets/obj/floor_wood_small.obj: 146 vertices, 234 indices.
Loaded Mesh floor_wood_small V0: Pos(1,0.025,-1) Joints(0,0,0,0) Weights(0,0,0,0)
Indices: 234 Vertices: 146
Loaded OBJ assets/dungeons/Assets/obj/floor_dirt_small_B.obj: 62 vertices, 108 indices.
Loaded Mesh floor_dirt_small_B V0: Pos(-0.442912,0,-0.06759) Joints(0,0,0,0) Weights(0,0,0,0)
Indices: 108 Vertices: 62
Loaded OBJ assets/dungeons/Assets/obj/banner_patternB_brown.obj: 197 vertices, 291 indices.
Loaded Mesh banner_patternB_brown V0: Pos(-0.749992,0.975,0.473354) Joints(0,0,0,0) Weights(0,0,0,0)
Indices: 291 Vertices: 197
Loaded OBJ assets/dungeons/Assets/obj/wall_doorway_sides.obj: 2220 vertices, 3480 indices.
Loaded Mesh wall_doorway_sides V0: Pos(-1.08978,0.5,0.25) Joints(0,0,0,0) Weights(0,0,0,0)
Indices: 3480 Vertices: 2220
Loaded OBJ assets/dungeons/Assets/obj/barrier_half.obj: 84 vertices, 126 indices.
Loaded Mesh barrier_half V0: Pos(0.75,0.3,0.25) Joints(0,0,0,0) Weights(0,0,0,0)
Indices: 126 Vertices: 84
Loaded OBJ assets/dungeons/Assets/obj/wall_half_endcap.obj: 550 vertices, 804 indices.
Loaded Mesh wall_half_endcap V0: Pos(-0.3,0.5,0.25) Joints(0,0,0,0) Weights(0,0,0,0)
Indices: 804 Vertices: 550
Loaded OBJ assets/dungeons/Assets/obj/barrel_small.obj: 400 vertices, 621 indices.
Loaded Mesh barrel_small V0: Pos(0.283905,0.851517,-0.283906) Joints(0,0,0,0) Weights(0,0,0,0)
Indices: 621 Vertices: 400
Loaded OBJ assets/dungeons/Assets/obj/floor_dirt_small_C.obj: 65 vertices, 99 indices.
Loaded Mesh floor_dirt_small_C V0: Pos(0.191999,0,-0.166332) Joints(0,0,0,0) Weights(0,0,0,0)
Indices: 99 Vertices: 65
Loaded OBJ assets/dungeons/Assets/obj/banner_patternA_red.obj: 220 vertices, 330 indices.
Loaded Mesh banner_patternA_red V0: Pos(-0.749992,0.975,0.473354) Joints(0,0,0,0) Weights(0,0,0,0)
Indices: 330 Vertices: 220
Loaded OBJ assets/dungeons/Assets/obj/wall_doorway_scaffold.obj: 978 vertices, 1590 indices.
Loaded Mesh wall_doorway_scaffold V0: Pos(-1.08978,0.5,0.25) Joints(0,0,0,0) Weights(0,0,0,0)
Indices: 1590 Vertices: 978
Loaded OBJ assets/dungeons/Assets/obj/banner_thin_white.obj: 155 vertices, 249 indices.
Loaded Mesh banner_thin_white V0: Pos(-0.549992,0.975,0.473354) Joints(0,0,0,0) Weights(0,0,0,0)
Indices: 249 Vertices: 155
Loaded OBJ assets/dungeons/Assets/obj/chair.obj: 506 vertices, 882 indices.
Loaded Mesh chair V0: Pos(0.338793,0,-0.149998) Joints(0,0,0,0) Weights(0,0,0,0)
Indices: 882 Vertices: 506
Loaded OBJ assets/dungeons/Assets/obj/bed_floor.obj: 192 vertices, 696 indices.
Loaded Mesh bed_floor V0: Pos(-0.717317,0.175,1.5) Joints(0,0,0,0) Weights(0,0,0,0)
Indices: 696 Vertices: 192
Loaded OBJ assets/dungeons/Assets/obj/floor_tile_small_corner.obj: 52 vertices, 93 indices.
Loaded Mesh floor_tile_small_corner V0: Pos(-0.04835,0.05,-0.616445) Joints(0,0,0,0) Weights(0,0,0,0)
Indices: 93 Vertices: 52
Loaded OBJ assets/dungeons/Assets/obj/floor_dirt_small_A.obj: 90 vertices, 135 indices.
Loaded Mesh floor_dirt_small_A V0: Pos(0.185768,0,0.380423) Joints(0,0,0,0) Weights(0,0,0,0)
Indices: 135 Vertices: 90
Loaded OBJ assets/dungeons/Assets/obj/wall_window_open_scaffold.obj: 1270 vertices, 2028 indices.
Loaded Mesh wall_window_open_scaffold V0: Pos(-0.869343,1.07706,-0.25) Joints(0,0,0,0) Weights(0,0,0,0)
Indices: 2028 Vertices: 1270
Loaded OBJ assets/dungeons/Assets/obj/banner_patternA_yellow.obj: 220 vertices, 330 indices.
Loaded Mesh banner_patternA_yellow V0: Pos(-0.749992,0.975,0.473354) Joints(0,0,0,0) Weights(0,0,0,0)
Indices: 330 Vertices: 220
Loaded OBJ assets/dungeons/Assets/obj/floor_tile_large.obj: 272 vertices, 564 indices.
Loaded Mesh floor_tile_large V0: Pos(-1.05,0.05,2) Joints(0,0,0,0) Weights(0,0,0,0)
Indices: 564 Vertices: 272
Loaded OBJ assets/dungeons/Assets/obj/bed_decorated.obj: 1886 vertices, 4230 indices.
Loaded Mesh bed_decorated V0: Pos(0.45,0,-1.425) Joints(0,0,0,0) Weights(0,0,0,0)
Indices: 4230 Vertices: 1886
Loaded OBJ assets/dungeons/Assets/obj/stairs_long_modular_left.obj: 516 vertices, 744 indices.
Loaded Mesh stairs_long_modular_left V0: Pos(-1,2.5,3.9) Joints(0,0,0,0) Weights(0,0,0,0)
Indices: 744 Vertices: 516
Loaded OBJ assets/dungeons/Assets/obj/shelf_small_candles.obj: 329 vertices, 693 indices.
Loaded Mesh shelf_small_candles V0: Pos(0.5,-0.075,0.5) Joints(0,0,0,0) Weights(0,0,0,0)
Indices: 693 Vertices: 329
Loaded OBJ assets/dungeons/Assets/obj/stairs_wide.obj: 734 vertices, 1074 indices.
Loaded Mesh stairs_wide V0: Pos(2.75,2.5,1.9) Joints(0,0,0,0) Weights(0,0,0,0)
Indices: 1074 Vertices: 734
Loaded OBJ assets/dungeons/Assets/obj/wall_endcap.obj: 472 vertices, 666 indices.
Loaded Mesh wall_endcap V0: Pos(0.9,3.2,0.25) Joints(0,0,0,0) Weights(0,0,0,0)
Indices: 666 Vertices: 472
Loaded OBJ assets/dungeons/Assets/obj/wall_arched.obj: 1400 vertices, 2172 indices.
Loaded Mesh wall_arched V0: Pos(0,2.1063,-0.05) Joints(0,0,0,0) Weights(0,0,0,0)
Indices: 2172 Vertices: 1400
Loaded OBJ assets/dungeons/Assets/obj/table_small.obj: 348 vertices, 576 indices.
Loaded Mesh table_small V0: Pos(0.449181,0,-0.200197) Joints(0,0,0,0) Weights(0,0,0,0)
Indices: 576 Vertices: 348
Loaded OBJ assets/dungeons/Assets/obj/stairs_wall_left.obj: 1128 vertices, 1722 indices.
Loaded Mesh stairs_wall_left V0: Pos(2,0.5,-0.25) Joints(0,0,0,0) Weights(0,0,0,0)
Indices: 1722 Vertices: 1128
Loaded OBJ assets/dungeons/Assets/obj/floor_foundation_front.obj: 237 vertices, 369 indices.
Loaded Mesh floor_foundation_front V0: Pos(-1,1.8,1.1) Joints(0,0,0,0) Weights(0,0,0,0)
Indices: 369 Vertices: 237
Loaded Mesh Rogue_Hooded V0: Pos(0.786467,1.02476,0.07591) Joints(15,16,14,0) Weights(0.42213,0.395843,0.182027,0)
Indices: 21555 Vertices: 5909
Bone 1 IBM: 0 0 0 0 0 0 0 0 0 0 0 0 0 0 0 0 
Loaded Mesh Barbarian V0: Pos(0.157365,1.18588,0.0810389) Joints(4,0,0,0) Weights(1,0,0,0)
Indices: 21369 Vertices: 6050
Bone 1 IBM: 0 0 0 0 0 0 0 0 0 0 0 0 0 0 0 0 
Loaded Mesh Rogue V0: Pos(0.786467,1.02476,0.07591) Joints(20,21,19,0) Weights(0.42213,0.395843,0.182027,0)
Indices: 22686 Vertices: 6422
Bone 1 IBM: 0 0 0 0 0 0 0 0 0 0 0 0 0 0 0 0 
Loaded Mesh Mage V0: Pos(0.157361,1.18587,0.0810389) Joints(8,0,0,0) Weights(1,0,0,0)
Indices: 20004 Vertices: 5421
Bone 1 IBM: 0 0 0 0 0 0 0 0 0 0 0 0 0 0 0 0 
Loaded Mesh Ranger V0: Pos(0.787012,1.02433,0.0763435) Joints(21,20,19,0) Weights(0.495859,0.391719,0.112422,0)
Indices: 26700 Vertices: 7734
Bone 1 IBM: 0 0 0 0 0 0 0 0 0 0 0 0 0 0 0 0 
Loaded Mesh Knight V0: Pos(0.934774,1.02103,0.0796532) Joints(7,0,0,0) Weights(1,0,0,0)
Indices: 17400 Vertices: 5328
Bone 1 IBM: 0 0 0 0 0 0 0 0 0 0 0 0 0 0 0 0 
Loaded Mesh Skeleton_Mage V0: Pos(0.206914,1.20285,0.0980929) Joints(9,0,0,0) Weights(1,0,0,0)
Indices: 13764 Vertices: 4056
Bone 1 IBM: 0 0 0 0 0 0 0 0 0 0 0 0 0 0 0 0 
Loaded Mesh Skeleton_Rogue V0: Pos(0.238974,1.07746,-0.0600928) Joints(8,0,0,0) Weights(1,0,0,0)
Indices: 15834 Vertices: 5259
Bone 1 IBM: 0 0 0 0 0 0 0 0 0 0 0 0 0 0 0 0 
Loaded Mesh Skeleton_Minion V0: Pos(0.916926,1.10354,0.0875507) Joints(16,0,0,0) Weights(1,0,0,0)
Indices: 15864 Vertices: 4858
Bone 1 IBM: 0 0 0 0 0 0 0 0 0 0 0 0 0 0 0 0 
Loaded Mesh Skeleton_Warrior V0: Pos(0.238974,1.07746,-0.0600928) Joints(9,0,0,0) Weights(1,0,0,0)
Indices: 17802 Vertices: 6117
Bone 1 IBM: 0 0 0 0 0 0 0 0 0 0 0 0 0 0 0 0 
Loaded Mesh knight V0: Pos(0.934774,1.02103,0.0796532) Joints(7,0,0,0) Weights(1,0,0,0)
Indices: 17400 Vertices: 5328
Bone 1 IBM: 0 0 0 0 0 0 0 0 0 0 0 0 0 0 0 0 
UpdateSkinnedMesh Frame 0
Bone 0 (root): 1 0 0 0 0 1 0 0 0 0 1 0 0 0 0 1 
Bone 1 (hips): 0 0 0 0 0 0 0 0 0 0 0 0 0 0 0 0 
Bone 2 (spine): 0 0 0 0 0 0 0 0 0 0 0 0 0 0 0 0 
Bone 3 (chest): 0 0 0 0 0 0 0 0 0 0 0 0 0 0 0 0 
Bone 4 (upperarm.l): 0 0 0 0 0 0 0 0 0 0 0 0 0 0 0 0 
UpdateSkinnedMesh Frame 1
Bone 0 (root): 1 0 0 0 0 1 0 0 0 0 1 0 0 0 0 1 
Bone 1 (hips): 0 0 0 0 0 0 0 0 0 0 0 0 0 0 0 0 
Bone 2 (spine): 0 0 0 0 0 0 0 0 0 0 0 0 0 0 0 0 
Bone 3 (chest): 0 0 0 0 0 0 0 0 0 0 0 0 0 0 0 0 
Bone 4 (upperarm.l): 0 0 0 0 0 0 0 0 0 0 0 0 0 0 0 0 
UpdateSkinnedMesh Frame 2
Bone 0 (root): 1 0 0 0 0 1 0 0 0 0 1 0 0 0 0 1 
Bone 1 (hips): 0 0 0 0 0 0 0 0 0 0 0 0 0 0 0 0 
Bone 2 (spine): 0 0 0 0 0 0 0 0 0 0 0 0 0 0 0 0 
Bone 3 (chest): 0 0 0 0 0 0 0 0 0 0 0 0 0 0 0 0 
Bone 4 (upperarm.l): 0 0 0 0 0 0 0 0 0 0 0 0 0 0 0 0 
UpdateSkinnedMesh Frame 3
Bone 0 (root): 1 0 0 0 0 1 0 0 0 0 1 0 0 0 0 1 
Bone 1 (hips): 0 0 0 0 0 0 0 0 0 0 0 0 0 0 0 0 
Bone 2 (spine): 0 0 0 0 0 0 0 0 0 0 0 0 0 0 0 0 
Bone 3 (chest): 0 0 0 0 0 0 0 0 0 0 0 0 0 0 0 0 
Bone 4 (upperarm.l): 0 0 0 0 0 0 0 0 0 0 0 0 0 0 0 0 
UpdateSkinnedMesh Frame 4
Bone 0 (root): 1 0 1.42109e-14 0 0 1 0 0 -1.42109e-14 0 1 0 0 0 0 1 
Bone 1 (hips): 0 0 0 0 0 0 0 0 0 0 0 0 0 0 0 0 
Bone 2 (spine): 0 0 0 0 0 0 0 0 0 0 0 0 0 0 0 0 
Bone 3 (chest): 0 0 0 0 0 0 0 0 0 0 0 0 0 0 0 0 
Bone 4 (upperarm.l): 0 0 0 0 0 0 0 0 0 0 0 0 0 0 0 0 
UpdateSkinnedMesh Frame 5
Bone 0 (root): 1 0 -1.42109e-14 0 0 1 0 0 1.42109e-14 0 1 0 0 0 0 1 
Bone 1 (hips): 0 0 0 0 0 0 0 0 0 0 0 0 0 0 0 0 
Bone 2 (spine): 0 0 0 0 0 0 0 0 0 0 0 0 0 0 0 0 
Bone 3 (chest): 0 0 0 0 0 0 0 0 0 0 0 0 0 0 0 0 
Bone 4 (upperarm.l): 0 0 0 0 0 0 0 0 0 0 0 0 0 0 0 0 
UpdateSkinnedMesh Frame 6
Bone 0 (root): 1 0 0 0 0 1 0 0 0 0 1 0 0 0 0 1 
Bone 1 (hips): 0 0 0 0 0 0 0 0 0 0 0 0 0 0 0 0 
Bone 2 (spine): 0 0 0 0 0 0 0 0 0 0 0 0 0 0 0 0 
Bone 3 (chest): 0 0 0 0 0 0 0 0 0 0 0 0 0 0 0 0 
Bone 4 (upperarm.l): 0 0 0 0 0 0 0 0 0 0 0 0 0 0 0 0 
UpdateSkinnedMesh Frame 7
Bone 0 (root): 1 0 0 0 0 1 0 0 0 0 1 0 0 0 0 1 
Bone 1 (hips): 0 0 0 0 0 0 0 0 0 0 0 0 0 0 0 0 
Bone 2 (spine): 0 0 0 0 0 0 0 0 0 0 0 0 0 0 0 0 
Bone 3 (chest): 0 0 0 0 0 0 0 0 0 0 0 0 0 0 0 0 
Bone 4 (upperarm.l): 0 0 0 0 0 0 0 0 0 0 0 0 0 0 0 0 
UpdateSkinnedMesh Frame 8
Bone 0 (root): 1 0 -1.42109e-14 0 0 1 0 0 1.42109e-14 0 1 0 0 0 0 1 
Bone 1 (hips): 0 0 0 0 0 0 0 0 0 0 0 0 0 0 0 0 
Bone 2 (spine): 0 0 0 0 0 0 0 0 0 0 0 0 0 0 0 0 
Bone 3 (chest): 0 0 0 0 0 0 0 0 0 0 0 0 0 0 0 0 
Bone 4 (upperarm.l): 0 0 0 0 0 0 0 0 0 0 0 0 0 0 0 0 
UpdateSkinnedMesh Frame 9
Bone 0 (root): 1 0 1.42109e-14 0 0 1 0 0 -1.42109e-14 0 1 0 0 0 0 1 
Bone 1 (hips): 0 0 0 0 0 0 0 0 0 0 0 0 0 0 0 0 
Bone 2 (spine): 0 0 0 0 0 0 0 0 0 0 0 0 0 0 0 0 
Bone 3 (chest): 0 0 0 0 0 0 0 0 0 0 0 0 0 0 0 0 
Bone 4 (upperarm.l): 0 0 0 0 0 0 0 0 0 0 0 0 0 0 0 0 
